<?xml version="1.0" encoding="UTF-8"?>
<testsuite xmlns:xsi="http://www.w3.org/2001/XMLSchema-instance" xsi:noNamespaceSchemaLocation="https://maven.apache.org/surefire/maven-surefire-plugin/xsd/surefire-test-report-3.0.xsd" version="3.0" name="bot.service.PaymentServiceTest" time="0.018" tests="2" errors="0" skipped="0" failures="0">
  <properties>
[...]
</properties>
  <testcase name="shouldConfirmPaymentAndUpdateBalance" classname="bot.service.PaymentServiceTest" time="0.01">
    <system-out><![CDATA[18:20:58 [INFO] c.z.h.HikariDataSource: HikariPool-7 - Starting...
18:20:58 [INFO] c.z.h.p.HikariPool: HikariPool-7 - Added connection org.sqlite.jdbc4.JDBC4Connection@4c1f22f3
18:20:58 [INFO] c.z.h.HikariDataSource: HikariPool-7 - Start completed.
18:20:58 [INFO] bot.db.Database: DB initialized
18:20:58 [INFO] c.z.h.HikariDataSource: HikariPool-7 - Shutdown initiated...
18:20:58 [INFO] c.z.h.HikariDataSource: HikariPool-7 - Shutdown completed.
18:20:58 [INFO] bot.db.Database: DB pool closed
]]></system-out>
  </testcase>
  <testcase name="shouldCreatePayment" classname="bot.service.PaymentServiceTest" time="0.005">
    <system-out><![CDATA[18:20:58 [INFO] c.z.h.HikariDataSource: HikariPool-8 - Starting...
18:20:58 [INFO] c.z.h.p.HikariPool: HikariPool-8 - Added connection org.sqlite.jdbc4.JDBC4Connection@2c4d1ac
18:20:58 [INFO] c.z.h.HikariDataSource: HikariPool-8 - Start completed.
18:20:58 [INFO] bot.db.Database: DB initialized
18:20:58 [INFO] c.z.h.HikariDataSource: HikariPool-8 - Shutdown initiated...
18:20:58 [INFO] c.z.h.HikariDataSource: HikariPool-8 - Shutdown completed.
18:20:58 [INFO] bot.db.Database: DB pool closed
]]></system-out>
  </testcase>
</testsuite>